Logger has been set up.
Logger has been set up.
Logger has been set up.
data_name:MSL
data_path:/mnt/c/Users/DING/Desktop/Experiment/CODE/dataset
device:cuda
ver:
win_size:105
stride:1
batch_size:128
epochs:3
anormly_ratio:0.75
learning_rate:0.0001
patch_sizes:[3, 5, 7]
d_model:60
e_layer:3
seed:42
save_model:1
full_res:1
model_save_path:/mnt/c/Users/DING/Desktop/Experiment/CODE/BaselineModels/PatchAD-main/checkpoints_compare/
res_pth:/mnt/c/Users/DING/Desktop/Experiment/CODE/BaselineModels/PatchAD-main/results_compare/
mode:train
patch_mx:0.1
cont_beta:0.0
index:137
input_c:55
Result path /mnt/c/Users/DING/Desktop/Experiment/CODE/BaselineModels/PatchAD-main/results_compare/MSL
========Train========
MSE 0.51026451587677 Loss 0.0
	speed: 37.6739s/iter; left time: 50709.0790s
Epoch time left: 17141.6277s
MSE 0.6471701264381409 Loss 0.0
	speed: 33.8175s/iter; left time: 44842.0044s
Epoch time left: 15386.9623s
MSE 0.7493418455123901 Loss 0.0
	speed: 30.6490s/iter; left time: 40027.5659s
Epoch time left: 13945.2852s
MSE 0.7334442138671875 Loss 0.0
	speed: 27.2666s/iter; left time: 35064.8311s
Epoch time left: 12406.2971s
